<?xml version='1.0' encoding='UTF-8'?>
<testsuite hostname="434ffa8d8416" name="scalashop.BlurSuite" tests="5" errors="0" failures="0" skipped="0" time="0.069" timestamp="2024-08-06T19:05:33">
          <properties>
[...]
</properties>
          <testcase classname="scalashop.BlurSuite" name="boxBlurKernel should correctly blur middle pixel when radius is 1" time="0.064">
                      
                    </testcase><testcase classname="scalashop.BlurSuite" name="boxBlurKernel should correctly blur corner pixel when radius is 1" time="0.002">
                      
                    </testcase><testcase classname="scalashop.BlurSuite" name="boxBlurKernel should correctly blur corner pixel when radius is 2" time="0.001">
                      
                    </testcase><testcase classname="scalashop.BlurSuite" name="boxBlurKernel should correctly blur middle pixel when radius is 1-1" time="0.001">
                      
                    </testcase><testcase classname="scalashop.BlurSuite" name="boxBlurKernel should correctly blur corner pixel when radius is 0" time="0.001">
                      
                    </testcase>
          <system-out><![CDATA[]]></system-out>
          <system-err><![CDATA[]]></system-err>
        </testsuite>